{"/Users/AnuV/Desktop/GRNsight/server/controllers/spreadsheet-controller.js":{"path":"/Users/AnuV/Desktop/GRNsight/server/controllers/spreadsheet-controller.js","s":{"1":1,"2":1,"3":0,"4":0,"5":0,"6":0,"7":0,"8":0,"9":0,"10":0,"11":0,"12":1,"13":409,"14":409,"15":3006,"16":346,"17":2660,"18":201,"19":201,"20":201,"21":409,"22":2,"23":2,"24":407,"25":6628,"26":110,"27":6518,"28":6518,"29":132914,"30":6080,"31":6080,"32":6080,"33":14,"34":6066,"35":8,"36":6058,"37":6058,"38":6058,"39":6058,"40":0,"41":0,"42":126834,"43":6091,"44":6091,"45":6091,"46":30,"47":6061,"48":4,"49":6057,"50":6057,"51":87,"52":87,"53":87,"54":0,"55":0,"56":0,"57":0,"58":120743,"59":120743,"60":132,"61":120611,"62":1000,"63":119611,"64":11166,"65":11166,"66":11166,"67":43,"68":11123,"69":0,"70":11123,"71":11123,"72":11123,"73":11123,"74":8828,"75":8828,"76":8828,"77":2295,"78":2295,"79":2295,"80":11123,"81":0,"82":0,"83":132914,"84":6518,"85":0,"86":0,"87":407,"88":407,"89":407,"90":407,"91":407,"92":407,"93":1,"94":1343,"95":1,"96":1341,"97":1,"98":2,"99":1,"100":0,"101":0,"102":0,"103":1,"104":407,"105":407,"106":2,"107":405,"108":2,"109":1,"110":407,"111":5651,"112":8,"113":407,"114":5650,"115":8,"116":1,"117":407,"118":407,"119":6145,"120":2,"121":1,"122":0,"123":0,"124":0,"125":0,"126":0,"127":0,"128":16,"129":2,"130":2,"131":1,"132":1,"133":22,"134":22,"135":22,"136":34,"137":34,"138":34,"139":132,"140":132,"141":132,"142":43,"143":43,"144":43,"145":110,"146":110,"147":2,"148":1000,"149":1000,"150":1000,"151":1,"152":7,"153":0,"154":0,"155":0,"156":0,"157":0,"158":0,"159":0,"160":0,"161":0,"162":0,"163":0,"164":0,"165":0,"166":0,"167":0,"168":0,"169":0,"170":0,"171":0,"172":7},"b":{"1":[0,0],"2":[346,2660],"3":[201,2459],"4":[2,407],"5":[110,6518],"6":[6080,126834],"7":[14,6066],"8":[8,6058],"9":[6066,6066],"10":[6091,120743],"11":[30,6061],"12":[4,6057],"13":[6061,6061],"14":[87,5970],"15":[132,120611],"16":[1000,119611],"17":[11166,108445],"18":[43,11123],"19":[11166,11141],"20":[0,11123],"21":[11123,11123,11123,11123],"22":[8828,2295],"23":[0,0],"24":[2,405],"25":[407,2,406,2],"26":[2,403],"27":[405,404],"28":[8,5643],"29":[8,5642],"30":[2,6143],"31":[0,7],"32":[0,0],"33":[0,0]},"f":{"1":0,"2":409,"3":1343,"4":1341,"5":2,"6":0,"7":407,"8":407,"9":407,"10":0,"11":0,"12":16,"13":2,"14":2,"15":22,"16":34,"17":132,"18":43,"19":110,"20":2,"21":1000,"22":7,"23":0,"24":0,"25":0,"26":0,"27":0,"28":0},"fnMap":{"1":{"name":"(anonymous_1)","line":6,"loc":{"start":{"line":6,"column":20},"end":{"line":6,"column":46}}},"2":{"name":"(anonymous_2)","line":31,"loc":{"start":{"line":31,"column":17},"end":{"line":31,"column":33}}},"3":{"name":"(anonymous_3)","line":203,"loc":{"start":{"line":203,"column":24},"end":{"line":203,"column":57}}},"4":{"name":"(anonymous_4)","line":209,"loc":{"start":{"line":209,"column":17},"end":{"line":209,"column":45}}},"5":{"name":"(anonymous_5)","line":213,"loc":{"start":{"line":213,"column":15},"end":{"line":213,"column":43}}},"6":{"name":"(anonymous_6)","line":217,"loc":{"start":{"line":217,"column":25},"end":{"line":217,"column":50}}},"7":{"name":"(anonymous_7)","line":224,"loc":{"start":{"line":224,"column":23},"end":{"line":224,"column":103}}},"8":{"name":"(anonymous_8)","line":240,"loc":{"start":{"line":240,"column":22},"end":{"line":240,"column":69}}},"9":{"name":"(anonymous_9)","line":255,"loc":{"start":{"line":255,"column":22},"end":{"line":255,"column":54}}},"10":{"name":"(anonymous_10)","line":276,"loc":{"start":{"line":276,"column":20},"end":{"line":276,"column":43}}},"11":{"name":"(anonymous_11)","line":286,"loc":{"start":{"line":286,"column":21},"end":{"line":286,"column":44}}},"12":{"name":"(anonymous_12)","line":296,"loc":{"start":{"line":296,"column":22},"end":{"line":296,"column":51}}},"13":{"name":"(anonymous_13)","line":304,"loc":{"start":{"line":304,"column":19},"end":{"line":304,"column":39}}},"14":{"name":"(anonymous_14)","line":312,"loc":{"start":{"line":312,"column":20},"end":{"line":312,"column":56}}},"15":{"name":"(anonymous_15)","line":348,"loc":{"start":{"line":348,"column":28},"end":{"line":348,"column":51}}},"16":{"name":"(anonymous_16)","line":357,"loc":{"start":{"line":357,"column":28},"end":{"line":357,"column":51}}},"17":{"name":"(anonymous_17)","line":366,"loc":{"start":{"line":366,"column":28},"end":{"line":366,"column":51}}},"18":{"name":"(anonymous_18)","line":375,"loc":{"start":{"line":375,"column":21},"end":{"line":375,"column":50}}},"19":{"name":"(anonymous_19)","line":384,"loc":{"start":{"line":384,"column":19},"end":{"line":384,"column":34}}},"20":{"name":"(anonymous_20)","line":392,"loc":{"start":{"line":392,"column":22},"end":{"line":392,"column":58}}},"21":{"name":"(anonymous_21)","line":399,"loc":{"start":{"line":399,"column":19},"end":{"line":399,"column":42}}},"22":{"name":"(anonymous_22)","line":410,"loc":{"start":{"line":410,"column":17},"end":{"line":410,"column":32}}},"23":{"name":"(anonymous_23)","line":414,"loc":{"start":{"line":414,"column":24},"end":{"line":414,"column":44}}},"24":{"name":"(anonymous_24)","line":416,"loc":{"start":{"line":416,"column":41},"end":{"line":416,"column":71}}},"25":{"name":"(anonymous_25)","line":438,"loc":{"start":{"line":438,"column":32},"end":{"line":438,"column":52}}},"26":{"name":"(anonymous_26)","line":442,"loc":{"start":{"line":442,"column":30},"end":{"line":442,"column":50}}},"27":{"name":"(anonymous_27)","line":446,"loc":{"start":{"line":446,"column":33},"end":{"line":446,"column":53}}},"28":{"name":"(anonymous_28)","line":450,"loc":{"start":{"line":450,"column":34},"end":{"line":450,"column":54}}}},"statementMap":{"1":{"start":{"line":1,"column":0},"end":{"line":4,"column":27}},"2":{"start":{"line":6,"column":0},"end":{"line":29,"column":2}},"3":{"start":{"line":7,"column":2},"end":{"line":8,"column":14}},"4":{"start":{"line":9,"column":2},"end":{"line":13,"column":3}},"5":{"start":{"line":10,"column":4},"end":{"line":10,"column":29}},"6":{"start":{"line":12,"column":4},"end":{"line":12,"column":75}},"7":{"start":{"line":17,"column":2},"end":{"line":17,"column":67}},"8":{"start":{"line":19,"column":2},"end":{"line":19,"column":30}},"9":{"start":{"line":21,"column":2},"end":{"line":27,"column":3}},"10":{"start":{"line":23,"column":4},"end":{"line":23,"column":29}},"11":{"start":{"line":26,"column":4},"end":{"line":26,"column":34}},"12":{"start":{"line":31,"column":0},"end":{"line":200,"column":2}},"13":{"start":{"line":32,"column":2},"end":{"line":51,"column":24}},"14":{"start":{"line":54,"column":2},"end":{"line":66,"column":3}},"15":{"start":{"line":55,"column":4},"end":{"line":65,"column":5}},"16":{"start":{"line":58,"column":6},"end":{"line":58,"column":41}},"17":{"start":{"line":59,"column":11},"end":{"line":65,"column":5}},"18":{"start":{"line":62,"column":6},"end":{"line":62,"column":41}},"19":{"start":{"line":63,"column":6},"end":{"line":63,"column":37}},"20":{"start":{"line":64,"column":6},"end":{"line":64,"column":12}},"21":{"start":{"line":69,"column":2},"end":{"line":72,"column":3}},"22":{"start":{"line":70,"column":4},"end":{"line":70,"column":52}},"23":{"start":{"line":71,"column":4},"end":{"line":71,"column":19}},"24":{"start":{"line":74,"column":2},"end":{"line":184,"column":3}},"25":{"start":{"line":75,"column":4},"end":{"line":183,"column":5}},"26":{"start":{"line":76,"column":6},"end":{"line":76,"column":61}},"27":{"start":{"line":84,"column":6},"end":{"line":182,"column":7}},"28":{"start":{"line":85,"column":8},"end":{"line":176,"column":9}},"29":{"start":{"line":86,"column":10},"end":{"line":174,"column":11}},"30":{"start":{"line":88,"column":12},"end":{"line":104,"column":13}},"31":{"start":{"line":89,"column":14},"end":{"line":89,"column":65}},"32":{"start":{"line":91,"column":14},"end":{"line":100,"column":15}},"33":{"start":{"line":92,"column":16},"end":{"line":92,"column":88}},"34":{"start":{"line":93,"column":21},"end":{"line":100,"column":15}},"35":{"start":{"line":94,"column":16},"end":{"line":94,"column":88}},"36":{"start":{"line":96,"column":16},"end":{"line":96,"column":79}},"37":{"start":{"line":97,"column":16},"end":{"line":97,"column":77}},"38":{"start":{"line":98,"column":16},"end":{"line":98,"column":58}},"39":{"start":{"line":99,"column":16},"end":{"line":99,"column":48}},"40":{"start":{"line":102,"column":14},"end":{"line":102,"column":73}},"41":{"start":{"line":103,"column":14},"end":{"line":103,"column":29}},"42":{"start":{"line":105,"column":17},"end":{"line":174,"column":11}},"43":{"start":{"line":107,"column":12},"end":{"line":130,"column":13}},"44":{"start":{"line":108,"column":14},"end":{"line":108,"column":62}},"45":{"start":{"line":109,"column":14},"end":{"line":124,"column":15}},"46":{"start":{"line":110,"column":16},"end":{"line":110,"column":88}},"47":{"start":{"line":111,"column":21},"end":{"line":124,"column":15}},"48":{"start":{"line":112,"column":16},"end":{"line":112,"column":88}},"49":{"start":{"line":114,"column":16},"end":{"line":114,"column":79}},"50":{"start":{"line":119,"column":16},"end":{"line":123,"column":17}},"51":{"start":{"line":120,"column":18},"end":{"line":120,"column":79}},"52":{"start":{"line":121,"column":18},"end":{"line":121,"column":60}},"53":{"start":{"line":122,"column":18},"end":{"line":122,"column":50}},"54":{"start":{"line":126,"column":14},"end":{"line":126,"column":62}},"55":{"start":{"line":127,"column":14},"end":{"line":127,"column":59}},"56":{"start":{"line":128,"column":14},"end":{"line":128,"column":73}},"57":{"start":{"line":129,"column":14},"end":{"line":129,"column":29}},"58":{"start":{"line":134,"column":12},"end":{"line":173,"column":13}},"59":{"start":{"line":135,"column":14},"end":{"line":167,"column":15}},"60":{"start":{"line":136,"column":16},"end":{"line":136,"column":88}},"61":{"start":{"line":137,"column":21},"end":{"line":167,"column":15}},"62":{"start":{"line":139,"column":16},"end":{"line":139,"column":79}},"63":{"start":{"line":141,"column":16},"end":{"line":166,"column":17}},"64":{"start":{"line":143,"column":18},"end":{"line":143,"column":60}},"65":{"start":{"line":144,"column":18},"end":{"line":144,"column":57}},"66":{"start":{"line":145,"column":18},"end":{"line":165,"column":19}},"67":{"start":{"line":146,"column":20},"end":{"line":146,"column":98}},"68":{"start":{"line":147,"column":25},"end":{"line":165,"column":19}},"69":{"start":{"line":148,"column":20},"end":{"line":148,"column":92}},"70":{"start":{"line":151,"column":20},"end":{"line":151,"column":89}},"71":{"start":{"line":152,"column":20},"end":{"line":152,"column":89}},"72":{"start":{"line":153,"column":20},"end":{"line":153,"column":132}},"73":{"start":{"line":155,"column":20},"end":{"line":163,"column":21}},"74":{"start":{"line":156,"column":22},"end":{"line":156,"column":53}},"75":{"start":{"line":157,"column":22},"end":{"line":157,"column":61}},"76":{"start":{"line":158,"column":22},"end":{"line":158,"column":70}},"77":{"start":{"line":160,"column":22},"end":{"line":160,"column":53}},"78":{"start":{"line":161,"column":22},"end":{"line":161,"column":59}},"79":{"start":{"line":162,"column":22},"end":{"line":162,"column":70}},"80":{"start":{"line":164,"column":20},"end":{"line":164,"column":52}},"81":{"start":{"line":171,"column":14},"end":{"line":171,"column":74}},"82":{"start":{"line":172,"column":14},"end":{"line":172,"column":29}},"83":{"start":{"line":175,"column":10},"end":{"line":175,"column":19}},"84":{"start":{"line":177,"column":6},"end":{"line":177,"column":17}},"85":{"start":{"line":180,"column":8},"end":{"line":180,"column":50}},"86":{"start":{"line":181,"column":8},"end":{"line":181,"column":23}},"87":{"start":{"line":189,"column":2},"end":{"line":189,"column":21}},"88":{"start":{"line":190,"column":2},"end":{"line":190,"column":21}},"89":{"start":{"line":193,"column":2},"end":{"line":193,"column":60}},"90":{"start":{"line":194,"column":2},"end":{"line":194,"column":45}},"91":{"start":{"line":195,"column":2},"end":{"line":195,"column":114}},"92":{"start":{"line":199,"column":2},"end":{"line":199,"column":17}},"93":{"start":{"line":203,"column":0},"end":{"line":207,"column":1}},"94":{"start":{"line":204,"column":4},"end":{"line":204,"column":31}},"95":{"start":{"line":209,"column":0},"end":{"line":211,"column":2}},"96":{"start":{"line":210,"column":4},"end":{"line":210,"column":49}},"97":{"start":{"line":213,"column":0},"end":{"line":215,"column":2}},"98":{"start":{"line":214,"column":4},"end":{"line":214,"column":47}},"99":{"start":{"line":217,"column":0},"end":{"line":222,"column":1}},"100":{"start":{"line":218,"column":2},"end":{"line":218,"column":24}},"101":{"start":{"line":219,"column":2},"end":{"line":221,"column":3}},"102":{"start":{"line":220,"column":4},"end":{"line":220,"column":42}},"103":{"start":{"line":224,"column":0},"end":{"line":237,"column":1}},"104":{"start":{"line":225,"column":2},"end":{"line":230,"column":27}},"105":{"start":{"line":232,"column":2},"end":{"line":236,"column":3}},"106":{"start":{"line":233,"column":4},"end":{"line":233,"column":81}},"107":{"start":{"line":234,"column":9},"end":{"line":236,"column":3}},"108":{"start":{"line":235,"column":4},"end":{"line":235,"column":74}},"109":{"start":{"line":240,"column":0},"end":{"line":253,"column":1}},"110":{"start":{"line":242,"column":2},"end":{"line":246,"column":3}},"111":{"start":{"line":243,"column":4},"end":{"line":245,"column":5}},"112":{"start":{"line":244,"column":6},"end":{"line":244,"column":78}},"113":{"start":{"line":248,"column":2},"end":{"line":252,"column":3}},"114":{"start":{"line":249,"column":4},"end":{"line":251,"column":5}},"115":{"start":{"line":250,"column":6},"end":{"line":250,"column":78}},"116":{"start":{"line":255,"column":0},"end":{"line":263,"column":1}},"117":{"start":{"line":257,"column":2},"end":{"line":257,"column":24}},"118":{"start":{"line":258,"column":2},"end":{"line":262,"column":3}},"119":{"start":{"line":259,"column":4},"end":{"line":261,"column":5}},"120":{"start":{"line":260,"column":6},"end":{"line":260,"column":63}},"121":{"start":{"line":268,"column":0},"end":{"line":331,"column":1}},"122":{"start":{"line":277,"column":4},"end":{"line":277,"column":45}},"123":{"start":{"line":278,"column":4},"end":{"line":278,"column":25}},"124":{"start":{"line":279,"column":4},"end":{"line":283,"column":6}},"125":{"start":{"line":287,"column":4},"end":{"line":287,"column":45}},"126":{"start":{"line":288,"column":4},"end":{"line":288,"column":25}},"127":{"start":{"line":289,"column":4},"end":{"line":293,"column":6}},"128":{"start":{"line":297,"column":4},"end":{"line":301,"column":6}},"129":{"start":{"line":305,"column":4},"end":{"line":309,"column":6}},"130":{"start":{"line":313,"column":4},"end":{"line":317,"column":6}},"131":{"start":{"line":334,"column":0},"end":{"line":340,"column":39}},"132":{"start":{"line":347,"column":0},"end":{"line":408,"column":1}},"133":{"start":{"line":349,"column":4},"end":{"line":349,"column":45}},"134":{"start":{"line":350,"column":4},"end":{"line":350,"column":25}},"135":{"start":{"line":351,"column":4},"end":{"line":354,"column":5}},"136":{"start":{"line":358,"column":4},"end":{"line":358,"column":45}},"137":{"start":{"line":359,"column":4},"end":{"line":359,"column":25}},"138":{"start":{"line":360,"column":4},"end":{"line":363,"column":5}},"139":{"start":{"line":367,"column":4},"end":{"line":367,"column":45}},"140":{"start":{"line":368,"column":4},"end":{"line":368,"column":25}},"141":{"start":{"line":369,"column":4},"end":{"line":372,"column":5}},"142":{"start":{"line":376,"column":4},"end":{"line":376,"column":45}},"143":{"start":{"line":377,"column":4},"end":{"line":377,"column":25}},"144":{"start":{"line":378,"column":4},"end":{"line":381,"column":5}},"145":{"start":{"line":385,"column":4},"end":{"line":385,"column":25}},"146":{"start":{"line":386,"column":4},"end":{"line":389,"column":5}},"147":{"start":{"line":393,"column":4},"end":{"line":396,"column":5}},"148":{"start":{"line":400,"column":4},"end":{"line":400,"column":45}},"149":{"start":{"line":401,"column":4},"end":{"line":401,"column":25}},"150":{"start":{"line":402,"column":4},"end":{"line":405,"column":5}},"151":{"start":{"line":410,"column":0},"end":{"line":459,"column":1}},"152":{"start":{"line":411,"column":2},"end":{"line":453,"column":3}},"153":{"start":{"line":414,"column":4},"end":{"line":435,"column":7}},"154":{"start":{"line":416,"column":6},"end":{"line":434,"column":9}},"155":{"start":{"line":417,"column":8},"end":{"line":419,"column":9}},"156":{"start":{"line":418,"column":10},"end":{"line":418,"column":93}},"157":{"start":{"line":421,"column":8},"end":{"line":425,"column":9}},"158":{"start":{"line":422,"column":10},"end":{"line":422,"column":41}},"159":{"start":{"line":424,"column":10},"end":{"line":424,"column":59}},"160":{"start":{"line":427,"column":8},"end":{"line":431,"column":9}},"161":{"start":{"line":428,"column":10},"end":{"line":430,"column":45}},"162":{"start":{"line":433,"column":8},"end":{"line":433,"column":46}},"163":{"start":{"line":438,"column":4},"end":{"line":440,"column":7}},"164":{"start":{"line":439,"column":6},"end":{"line":439,"column":109}},"165":{"start":{"line":442,"column":4},"end":{"line":444,"column":7}},"166":{"start":{"line":443,"column":6},"end":{"line":443,"column":121}},"167":{"start":{"line":443,"column":121},"end":{"line":443,"column":122}},"168":{"start":{"line":446,"column":4},"end":{"line":448,"column":7}},"169":{"start":{"line":447,"column":6},"end":{"line":447,"column":106}},"170":{"start":{"line":450,"column":4},"end":{"line":452,"column":7}},"171":{"start":{"line":451,"column":6},"end":{"line":451,"column":118}},"172":{"start":{"line":456,"column":2},"end":{"line":458,"column":4}}},"branchMap":{"1":{"line":21,"type":"if","locations":[{"start":{"line":21,"column":2},"end":{"line":21,"column":2}},{"start":{"line":21,"column":2},"end":{"line":21,"column":2}}]},"2":{"line":55,"type":"if","locations":[{"start":{"line":55,"column":4},"end":{"line":55,"column":4}},{"start":{"line":55,"column":4},"end":{"line":55,"column":4}}]},"3":{"line":59,"type":"if","locations":[{"start":{"line":59,"column":11},"end":{"line":59,"column":11}},{"start":{"line":59,"column":11},"end":{"line":59,"column":11}}]},"4":{"line":69,"type":"if","locations":[{"start":{"line":69,"column":2},"end":{"line":69,"column":2}},{"start":{"line":69,"column":2},"end":{"line":69,"column":2}}]},"5":{"line":75,"type":"if","locations":[{"start":{"line":75,"column":4},"end":{"line":75,"column":4}},{"start":{"line":75,"column":4},"end":{"line":75,"column":4}}]},"6":{"line":86,"type":"if","locations":[{"start":{"line":86,"column":10},"end":{"line":86,"column":10}},{"start":{"line":86,"column":10},"end":{"line":86,"column":10}}]},"7":{"line":91,"type":"if","locations":[{"start":{"line":91,"column":14},"end":{"line":91,"column":14}},{"start":{"line":91,"column":14},"end":{"line":91,"column":14}}]},"8":{"line":93,"type":"if","locations":[{"start":{"line":93,"column":21},"end":{"line":93,"column":21}},{"start":{"line":93,"column":21},"end":{"line":93,"column":21}}]},"9":{"line":93,"type":"binary-expr","locations":[{"start":{"line":93,"column":24},"end":{"line":93,"column":53}},{"start":{"line":93,"column":57},"end":{"line":93,"column":98}}]},"10":{"line":105,"type":"if","locations":[{"start":{"line":105,"column":17},"end":{"line":105,"column":17}},{"start":{"line":105,"column":17},"end":{"line":105,"column":17}}]},"11":{"line":109,"type":"if","locations":[{"start":{"line":109,"column":14},"end":{"line":109,"column":14}},{"start":{"line":109,"column":14},"end":{"line":109,"column":14}}]},"12":{"line":111,"type":"if","locations":[{"start":{"line":111,"column":21},"end":{"line":111,"column":21}},{"start":{"line":111,"column":21},"end":{"line":111,"column":21}}]},"13":{"line":111,"type":"binary-expr","locations":[{"start":{"line":111,"column":24},"end":{"line":111,"column":53}},{"start":{"line":111,"column":57},"end":{"line":111,"column":98}}]},"14":{"line":119,"type":"if","locations":[{"start":{"line":119,"column":16},"end":{"line":119,"column":16}},{"start":{"line":119,"column":16},"end":{"line":119,"column":16}}]},"15":{"line":135,"type":"if","locations":[{"start":{"line":135,"column":14},"end":{"line":135,"column":14}},{"start":{"line":135,"column":14},"end":{"line":135,"column":14}}]},"16":{"line":137,"type":"if","locations":[{"start":{"line":137,"column":21},"end":{"line":137,"column":21}},{"start":{"line":137,"column":21},"end":{"line":137,"column":21}}]},"17":{"line":141,"type":"if","locations":[{"start":{"line":141,"column":16},"end":{"line":141,"column":16}},{"start":{"line":141,"column":16},"end":{"line":141,"column":16}}]},"18":{"line":145,"type":"if","locations":[{"start":{"line":145,"column":18},"end":{"line":145,"column":18}},{"start":{"line":145,"column":18},"end":{"line":145,"column":18}}]},"19":{"line":145,"type":"binary-expr","locations":[{"start":{"line":145,"column":21},"end":{"line":145,"column":45}},{"start":{"line":145,"column":49},"end":{"line":145,"column":73}}]},"20":{"line":147,"type":"if","locations":[{"start":{"line":147,"column":25},"end":{"line":147,"column":25}},{"start":{"line":147,"column":25},"end":{"line":147,"column":25}}]},"21":{"line":147,"type":"binary-expr","locations":[{"start":{"line":147,"column":29},"end":{"line":147,"column":52}},{"start":{"line":147,"column":56},"end":{"line":147,"column":91}},{"start":{"line":147,"column":97},"end":{"line":147,"column":120}},{"start":{"line":147,"column":124},"end":{"line":147,"column":159}}]},"22":{"line":155,"type":"if","locations":[{"start":{"line":155,"column":20},"end":{"line":155,"column":20}},{"start":{"line":155,"column":20},"end":{"line":155,"column":20}}]},"23":{"line":219,"type":"if","locations":[{"start":{"line":219,"column":2},"end":{"line":219,"column":2}},{"start":{"line":219,"column":2},"end":{"line":219,"column":2}}]},"24":{"line":232,"type":"if","locations":[{"start":{"line":232,"column":2},"end":{"line":232,"column":2}},{"start":{"line":232,"column":2},"end":{"line":232,"column":2}}]},"25":{"line":232,"type":"binary-expr","locations":[{"start":{"line":232,"column":7},"end":{"line":232,"column":38}},{"start":{"line":232,"column":42},"end":{"line":232,"column":70}},{"start":{"line":232,"column":75},"end":{"line":232,"column":106}},{"start":{"line":232,"column":110},"end":{"line":232,"column":138}}]},"26":{"line":234,"type":"if","locations":[{"start":{"line":234,"column":9},"end":{"line":234,"column":9}},{"start":{"line":234,"column":9},"end":{"line":234,"column":9}}]},"27":{"line":234,"type":"binary-expr","locations":[{"start":{"line":234,"column":13},"end":{"line":234,"column":42}},{"start":{"line":234,"column":46},"end":{"line":234,"column":75}}]},"28":{"line":243,"type":"if","locations":[{"start":{"line":243,"column":4},"end":{"line":243,"column":4}},{"start":{"line":243,"column":4},"end":{"line":243,"column":4}}]},"29":{"line":249,"type":"if","locations":[{"start":{"line":249,"column":4},"end":{"line":249,"column":4}},{"start":{"line":249,"column":4},"end":{"line":249,"column":4}}]},"30":{"line":259,"type":"if","locations":[{"start":{"line":259,"column":4},"end":{"line":259,"column":4}},{"start":{"line":259,"column":4},"end":{"line":259,"column":4}}]},"31":{"line":411,"type":"if","locations":[{"start":{"line":411,"column":2},"end":{"line":411,"column":2}},{"start":{"line":411,"column":2},"end":{"line":411,"column":2}}]},"32":{"line":417,"type":"if","locations":[{"start":{"line":417,"column":8},"end":{"line":417,"column":8}},{"start":{"line":417,"column":8},"end":{"line":417,"column":8}}]},"33":{"line":427,"type":"if","locations":[{"start":{"line":427,"column":8},"end":{"line":427,"column":8}},{"start":{"line":427,"column":8},"end":{"line":427,"column":8}}]}}}}