TN:
SF:/Users/AnuV/Desktop/GRNsight/server/controllers/spreadsheet-controller.js
FN:6,(anonymous_1)
FN:31,(anonymous_2)
FN:203,(anonymous_3)
FN:209,(anonymous_4)
FN:213,(anonymous_5)
FN:217,(anonymous_6)
FN:224,(anonymous_7)
FN:240,(anonymous_8)
FN:255,(anonymous_9)
FN:276,(anonymous_10)
FN:286,(anonymous_11)
FN:296,(anonymous_12)
FN:304,(anonymous_13)
FN:312,(anonymous_14)
FN:348,(anonymous_15)
FN:357,(anonymous_16)
FN:366,(anonymous_17)
FN:375,(anonymous_18)
FN:384,(anonymous_19)
FN:392,(anonymous_20)
FN:399,(anonymous_21)
FN:410,(anonymous_22)
FN:414,(anonymous_23)
FN:416,(anonymous_24)
FN:438,(anonymous_25)
FN:442,(anonymous_26)
FN:446,(anonymous_27)
FN:450,(anonymous_28)
FNF:28
FNH:18
FNDA:0,(anonymous_1)
FNDA:409,(anonymous_2)
FNDA:1343,(anonymous_3)
FNDA:1341,(anonymous_4)
FNDA:2,(anonymous_5)
FNDA:0,(anonymous_6)
FNDA:407,(anonymous_7)
FNDA:407,(anonymous_8)
FNDA:407,(anonymous_9)
FNDA:0,(anonymous_10)
FNDA:0,(anonymous_11)
FNDA:16,(anonymous_12)
FNDA:2,(anonymous_13)
FNDA:2,(anonymous_14)
FNDA:22,(anonymous_15)
FNDA:34,(anonymous_16)
FNDA:132,(anonymous_17)
FNDA:43,(anonymous_18)
FNDA:110,(anonymous_19)
FNDA:2,(anonymous_20)
FNDA:1000,(anonymous_21)
FNDA:7,(anonymous_22)
FNDA:0,(anonymous_23)
FNDA:0,(anonymous_24)
FNDA:0,(anonymous_25)
FNDA:0,(anonymous_26)
FNDA:0,(anonymous_27)
FNDA:0,(anonymous_28)
DA:1,1
DA:6,1
DA:7,0
DA:9,0
DA:10,0
DA:12,0
DA:17,0
DA:19,0
DA:21,0
DA:23,0
DA:26,0
DA:31,1
DA:32,409
DA:54,409
DA:55,3006
DA:58,346
DA:59,2660
DA:62,201
DA:63,201
DA:64,201
DA:69,409
DA:70,2
DA:71,2
DA:74,407
DA:75,6628
DA:76,110
DA:84,6518
DA:85,6518
DA:86,132914
DA:88,6080
DA:89,6080
DA:91,6080
DA:92,14
DA:93,6066
DA:94,8
DA:96,6058
DA:97,6058
DA:98,6058
DA:99,6058
DA:102,0
DA:103,0
DA:105,126834
DA:107,6091
DA:108,6091
DA:109,6091
DA:110,30
DA:111,6061
DA:112,4
DA:114,6057
DA:119,6057
DA:120,87
DA:121,87
DA:122,87
DA:126,0
DA:127,0
DA:128,0
DA:129,0
DA:134,120743
DA:135,120743
DA:136,132
DA:137,120611
DA:139,1000
DA:141,119611
DA:143,11166
DA:144,11166
DA:145,11166
DA:146,43
DA:147,11123
DA:148,0
DA:151,11123
DA:152,11123
DA:153,11123
DA:155,11123
DA:156,8828
DA:157,8828
DA:158,8828
DA:160,2295
DA:161,2295
DA:162,2295
DA:164,11123
DA:171,0
DA:172,0
DA:175,132914
DA:177,6518
DA:180,0
DA:181,0
DA:189,407
DA:190,407
DA:193,407
DA:194,407
DA:195,407
DA:199,407
DA:203,1
DA:204,1343
DA:209,1
DA:210,1341
DA:213,1
DA:214,2
DA:217,1
DA:218,0
DA:219,0
DA:220,0
DA:224,1
DA:225,407
DA:232,407
DA:233,2
DA:234,405
DA:235,2
DA:240,1
DA:242,407
DA:243,5651
DA:244,8
DA:248,407
DA:249,5650
DA:250,8
DA:255,1
DA:257,407
DA:258,407
DA:259,6145
DA:260,2
DA:268,1
DA:277,0
DA:278,0
DA:279,0
DA:287,0
DA:288,0
DA:289,0
DA:297,16
DA:305,2
DA:313,2
DA:334,1
DA:347,1
DA:349,22
DA:350,22
DA:351,22
DA:358,34
DA:359,34
DA:360,34
DA:367,132
DA:368,132
DA:369,132
DA:376,43
DA:377,43
DA:378,43
DA:385,110
DA:386,110
DA:393,2
DA:400,1000
DA:401,1000
DA:402,1000
DA:410,1
DA:411,7
DA:414,0
DA:416,0
DA:417,0
DA:418,0
DA:421,0
DA:422,0
DA:424,0
DA:427,0
DA:428,0
DA:433,0
DA:438,0
DA:439,0
DA:442,0
DA:443,0
DA:446,0
DA:447,0
DA:450,0
DA:451,0
DA:456,7
LF:171
LH:124
BRDA:21,1,0,0
BRDA:21,1,1,0
BRDA:55,2,0,346
BRDA:55,2,1,2660
BRDA:59,3,0,201
BRDA:59,3,1,2459
BRDA:69,4,0,2
BRDA:69,4,1,407
BRDA:75,5,0,110
BRDA:75,5,1,6518
BRDA:86,6,0,6080
BRDA:86,6,1,126834
BRDA:91,7,0,14
BRDA:91,7,1,6066
BRDA:93,8,0,8
BRDA:93,8,1,6058
BRDA:93,9,0,6066
BRDA:93,9,1,6066
BRDA:105,10,0,6091
BRDA:105,10,1,120743
BRDA:109,11,0,30
BRDA:109,11,1,6061
BRDA:111,12,0,4
BRDA:111,12,1,6057
BRDA:111,13,0,6061
BRDA:111,13,1,6061
BRDA:119,14,0,87
BRDA:119,14,1,5970
BRDA:135,15,0,132
BRDA:135,15,1,120611
BRDA:137,16,0,1000
BRDA:137,16,1,119611
BRDA:141,17,0,11166
BRDA:141,17,1,108445
BRDA:145,18,0,43
BRDA:145,18,1,11123
BRDA:145,19,0,11166
BRDA:145,19,1,11141
BRDA:147,20,0,0
BRDA:147,20,1,11123
BRDA:147,21,0,11123
BRDA:147,21,1,11123
BRDA:147,21,2,11123
BRDA:147,21,3,11123
BRDA:155,22,0,8828
BRDA:155,22,1,2295
BRDA:219,23,0,0
BRDA:219,23,1,0
BRDA:232,24,0,2
BRDA:232,24,1,405
BRDA:232,25,0,407
BRDA:232,25,1,2
BRDA:232,25,2,406
BRDA:232,25,3,2
BRDA:234,26,0,2
BRDA:234,26,1,403
BRDA:234,27,0,405
BRDA:234,27,1,404
BRDA:243,28,0,8
BRDA:243,28,1,5643
BRDA:249,29,0,8
BRDA:249,29,1,5642
BRDA:259,30,0,2
BRDA:259,30,1,6143
BRDA:411,31,0,0
BRDA:411,31,1,7
BRDA:417,32,0,0
BRDA:417,32,1,0
BRDA:427,33,0,0
BRDA:427,33,1,0
BRF:70
BRH:60
end_of_record
